2024-04-06 23:20:33,292 - INFO - Успешно инициализированы переменные и настройки.
2024-04-06 23:20:33,295 - INFO - Успешно выполнено векторизация ключей из data_set
2024-04-06 23:20:33,299 - INFO - Успешно выполнено векторизация текстов из texts
2024-04-06 23:20:33,300 - ERROR - JSON-файл data_ml.json не найден.
2024-04-06 23:20:33,300 - ERROR - JSON-файл data_gpt.json не найден.
2024-04-06 23:21:32,466 - INFO - Успешно инициализированы переменные и настройки.
2024-04-06 23:21:32,469 - INFO - Успешно выполнено векторизация ключей из data_set
2024-04-06 23:21:32,472 - INFO - Успешно выполнено векторизация текстов из texts
2024-04-06 23:21:32,472 - ERROR - JSON-файл data_ml.json не найден.
2024-04-06 23:21:32,472 - ERROR - JSON-файл data_gpt.json не найден.
2024-04-06 23:22:31,687 - INFO - Успешно инициализированы переменные и настройки.
2024-04-06 23:22:31,689 - INFO - Успешно выполнено векторизация ключей из data_set
2024-04-06 23:22:31,692 - INFO - Успешно выполнено векторизация текстов из texts
2024-04-06 23:22:31,692 - ERROR - JSON-файл data_ml.json не найден.
2024-04-06 23:22:31,693 - ERROR - JSON-файл data_gpt.json не найден.
2024-04-06 23:22:31,761 - ERROR - Form data requires "python-multipart" to be installed. 
You can install "python-multipart" with: 

pip install python-multipart

2024-04-06 23:23:01,562 - INFO - Успешно инициализированы переменные и настройки.
2024-04-06 23:23:01,564 - INFO - Успешно выполнено векторизация ключей из data_set
2024-04-06 23:23:01,567 - INFO - Успешно выполнено векторизация текстов из texts
2024-04-06 23:23:01,568 - ERROR - JSON-файл data_ml.json не найден.
2024-04-06 23:23:01,568 - ERROR - JSON-файл data_gpt.json не найден.
2024-04-06 23:23:16,133 - INFO - Не получено ответа для вопроса: привет
2024-04-06 23:23:16,133 - ERROR - Произошла ошибка при обработке вопроса: привет. Ошибка: 'NoneType' object is not subscriptable
2024-04-06 23:23:16,135 - INFO - HTTP Request: GET http://127.0.0.1:8000/get_response?question=%D0%BF%D1%80%D0%B8%D0%B2%D0%B5%D1%82 "HTTP/1.1 200 OK"
2024-04-06 23:23:53,840 - ERROR - Произошла ошибка при обработке вопроса: сайт колледжа. Ошибка: 'NoneType' object is not subscriptable
2024-04-06 23:23:53,842 - INFO - HTTP Request: GET http://127.0.0.1:8000/get_response?question=%D1%81%D0%B0%D0%B9%D1%82%20%D0%BA%D0%BE%D0%BB%D0%BB%D0%B5%D0%B4%D0%B6%D0%B0 "HTTP/1.1 200 OK"
2024-04-06 23:24:10,658 - INFO - Сервер остановлен.
2024-04-06 23:27:24,563 - INFO - Успешно инициализированы переменные и настройки.
2024-04-06 23:27:24,566 - INFO - Успешно выполнено векторизация ключей из data_set
2024-04-06 23:27:24,569 - INFO - Успешно выполнено векторизация текстов из texts
2024-04-06 23:27:24,569 - ERROR - JSON-файл data_ml.json не найден.
2024-04-06 23:27:24,569 - ERROR - JSON-файл data_gpt.json не найден.
2024-04-06 23:27:32,179 - INFO - Не получено ответа для вопроса: ghb
2024-04-06 23:27:32,179 - ERROR - Произошла ошибка при обработке вопроса: ghb. Ошибка: 'NoneType' object is not subscriptable
2024-04-06 23:27:32,181 - INFO - HTTP Request: GET http://127.0.0.1:8000/get_response?question=ghb "HTTP/1.1 200 OK"
2024-04-06 23:29:34,517 - INFO - Не получено ответа для вопроса: dthdf
2024-04-06 23:29:34,517 - ERROR - Произошла ошибка при обработке вопроса: dthdf. Ошибка: 'NoneType' object is not subscriptable
2024-04-06 23:32:41,659 - ERROR - Произошла ошибка при обработке вопроса: сайт колледжа. Ошибка: 'NoneType' object is not subscriptable
2024-04-06 23:37:37,158 - INFO - Сервер остановлен.
2024-04-06 23:39:17,038 - INFO - Успешно инициализированы переменные и настройки.
2024-04-06 23:39:17,041 - INFO - Успешно выполнено векторизация ключей из data_set
2024-04-06 23:39:17,044 - INFO - Успешно выполнено векторизация текстов из texts
2024-04-06 23:39:17,057 - INFO - JSON-файл data\data_ml.json успешно прочитан.
2024-04-06 23:39:17,058 - INFO - JSON-файл data\data_gpt.json успешно прочитан.
2024-04-06 23:39:28,042 - INFO - Не получено ответа для вопроса: привет
2024-04-06 23:40:42,685 - INFO - Сервер остановлен.
2024-04-06 23:40:46,923 - INFO - Успешно инициализированы переменные и настройки.
2024-04-06 23:40:46,926 - INFO - Успешно выполнено векторизация ключей из data_set
2024-04-06 23:40:46,928 - INFO - Успешно выполнено векторизация текстов из texts
2024-04-06 23:40:46,940 - INFO - JSON-файл data\data_ml.json успешно прочитан.
2024-04-06 23:40:46,941 - INFO - JSON-файл data\data_gpt.json успешно прочитан.
2024-04-06 23:40:57,058 - INFO - Не получено ответа для вопроса: привет
2024-04-06 23:41:17,264 - INFO - Успешно получен ответ из кэша для вопроса: привет
2024-04-06 23:41:17,265 - INFO - Не получено ответа для вопроса: привет
2024-04-06 23:41:17,267 - INFO - HTTP Request: GET http://127.0.0.1:8000/get_response?question=%D0%BF%D1%80%D0%B8%D0%B2%D0%B5%D1%82 "HTTP/1.1 200 OK"
2024-04-06 23:41:24,175 - INFO - Не получено ответа для вопроса: как дела
2024-04-06 23:41:24,177 - INFO - HTTP Request: GET http://127.0.0.1:8000/get_response?question=%D0%BA%D0%B0%D0%BA%20%D0%B4%D0%B5%D0%BB%D0%B0 "HTTP/1.1 200 OK"
2024-04-06 23:41:29,549 - INFO - Успешно получен ответ для вопроса: сайт колледжа
2024-04-06 23:41:29,551 - INFO - HTTP Request: GET http://127.0.0.1:8000/get_response?question=%D1%81%D0%B0%D0%B9%D1%82%20%D0%BA%D0%BE%D0%BB%D0%BB%D0%B5%D0%B4%D0%B6%D0%B0 "HTTP/1.1 200 OK"
2024-04-06 23:54:51,276 - INFO - Сервер остановлен.
